<?xml version="1.0" encoding="UTF-8"?>
<testng-results skipped="0" failed="0" ignored="4" total="7" passed="3">
  <reporter-output>
    <line>
      <![CDATA[<div style="display:block;margin-left:10px;"><div  class="teststeppass"><span class="teststeppass-label">T </span>Given get '/'</div><div  class="teststeppass"><span class="teststeppass-label">T </span>When sendKeys 'Git reporsitory QAF' into 'txt.searchbox'</div><div  class="teststeppass"><span class="teststeppass-label">T </span>And click on 'btn.search'</div><div  class="teststeppass"><span class="teststeppass-label">T </span>Then verify link with partial text 'GitHub' is present</div><div style="display:block;margin-left:10px;"><div  class="pass"><span class="pass-label">P </span>Expected By.partialLinkText: GitHub present : Actual By.partialLinkText: GitHub present <a href="../img/SampleTest_115jacoyx095g55097.png" target="_blank">[View Screenshot]</a> </div></div></div>]]>
    </line>
    <line>
      <![CDATA[<div style="display:block;margin-left:10px;"><div  class="teststeppass"><span class="teststeppass-label">T </span>get '/'</div><div  class="teststeppass"><span class="teststeppass-label">T </span>sendKeys 'Git repository QAF' into 'txt.searchbox'</div><div  class="teststeppass"><span class="teststeppass-label">T </span>click on 'btn.search'</div><div  class="teststeppass"><span class="teststeppass-label">T </span>verify link with partial text 'qmetry/qaf' is present</div><div style="display:block;margin-left:10px;"><div  class="pass"><span class="pass-label">P </span>Expected By.partialLinkText: qmetry/qaf present : Actual By.partialLinkText: qmetry/qaf present <a href="../img/TestGoogleSearch_1ohyeb6yt2kxq55098.png" target="_blank">[View Screenshot]</a> </div></div></div>]]>
    </line>
    <line>
      <![CDATA[<div style="display:block;margin-left:10px;"><div  class="teststeppass"><span class="teststeppass-label">T </span>get '/'</div><div  class="teststeppass"><span class="teststeppass-label">T </span>sendKeys 'Git Repository QAF' into 'txt.searchbox'</div><div  class="teststeppass"><span class="teststeppass-label">T </span>click on 'btn.search'</div><div  class="teststeppass"><span class="teststeppass-label">T </span>verify link with partial text 'qaf' is present</div><div style="display:block;margin-left:10px;"><div  class="pass"><span class="pass-label">P </span>Expected By.partialLinkText: qaf present : Actual By.partialLinkText: qaf present <a href="../img/TestGoogleSearch_7gm3vtkvrb8g55099.png" target="_blank">[View Screenshot]</a> </div></div></div>]]>
    </line>
  </reporter-output>
  <suite name="QAF Example" duration-ms="14461" started-at="2018-09-06T08:22:46Z" finished-at="2018-09-06T08:23:01Z">
    <groups>
      <group name="SMOKE">
        <method signature="scenarios.suite1.bdd.SampleTest()[pri:1000, instance:com.qmetry.qaf.automation.step.client.Scenario@3e8]" name="SampleTest" class="com.qmetry.qaf.automation.step.client.Scenario"/>
        <method signature="Suite1.testGoogleSearch()[pri:0, instance:qaf.example.tests.Suite1@7364985f]" name="testGoogleSearch" class="qaf.example.tests.Suite1"/>
        <method signature="Suite2.testGoogleSearch()[pri:0, instance:qaf.example.tests.Suite2@5d20e46]" name="testGoogleSearch" class="qaf.example.tests.Suite2"/>
      </group> <!-- SMOKE -->
    </groups>
    <test name="BDD Test" duration-ms="6927" started-at="2018-09-06T08:22:46Z" finished-at="2018-09-06T08:22:53Z">
      <class name="com.qmetry.qaf.automation.step.client.Scenario">
        <test-method status="PASS" signature="setupTest(org.testng.ITestContext)[pri:0, instance:com.qmetry.qaf.automation.step.client.Scenario@3e8]" test-instance-name="SampleTest" name="setupTest" is-config="true" duration-ms="2" started-at="2018-09-06T13:52:46Z" finished-at="2018-09-06T13:52:46Z">
          <params>
            <param index="0">
              <value>
                <![CDATA[org.testng.TestRunner@3c87521]]>
              </value>
            </param>
          </params>
          <reporter-output>
          </reporter-output>
        </test-method> <!-- setupTest -->
        <test-method status="PASS" signature="setup(org.testng.ITestContext)[pri:0, instance:com.qmetry.qaf.automation.step.client.Scenario@3e8]" test-instance-name="SampleTest" name="setup" is-config="true" duration-ms="1" started-at="2018-09-06T13:52:46Z" finished-at="2018-09-06T13:52:46Z">
          <params>
            <param index="0">
              <value>
                <![CDATA[org.testng.TestRunner@3c87521]]>
              </value>
            </param>
          </params>
          <reporter-output>
          </reporter-output>
        </test-method> <!-- setup -->
        <test-method status="PASS" signature="setupMethod(java.lang.reflect.Method, org.testng.ITestContext)[pri:0, instance:com.qmetry.qaf.automation.step.client.Scenario@3e8]" test-instance-name="SampleTest" name="setupMethod" is-config="true" duration-ms="1" started-at="2018-09-06T13:52:46Z" finished-at="2018-09-06T13:52:46Z">
          <params>
            <param index="0">
              <value>
                <![CDATA[public void com.qmetry.qaf.automation.step.client.Scenario.scenario()]]>
              </value>
            </param>
            <param index="1">
              <value>
                <![CDATA[org.testng.TestRunner@3c87521]]>
              </value>
            </param>
          </params>
          <reporter-output>
          </reporter-output>
        </test-method> <!-- setupMethod -->
        <test-method status="PASS" signature="SampleTest()[pri:1000, instance:com.qmetry.qaf.automation.step.client.Scenario@3e8]" test-instance-name="SampleTest" name="SampleTest" duration-ms="6801" started-at="2018-09-06T13:52:46Z" description="Sample Test Scenario" finished-at="2018-09-06T13:52:53Z">
          <reporter-output>
            <line>
              <![CDATA[<div style="display:block;margin-left:10px;"><div  class="teststeppass"><span class="teststeppass-label">T </span>Given get '/'</div><div  class="teststeppass"><span class="teststeppass-label">T </span>When sendKeys 'Git reporsitory QAF' into 'txt.searchbox'</div><div  class="teststeppass"><span class="teststeppass-label">T </span>And click on 'btn.search'</div><div  class="teststeppass"><span class="teststeppass-label">T </span>Then verify link with partial text 'GitHub' is present</div><div style="display:block;margin-left:10px;"><div  class="pass"><span class="pass-label">P </span>Expected By.partialLinkText: GitHub present : Actual By.partialLinkText: GitHub present <a href="../img/SampleTest_115jacoyx095g55097.png" target="_blank">[View Screenshot]</a> </div></div></div>]]>
            </line>
          </reporter-output>
        </test-method> <!-- SampleTest -->
        <test-method status="PASS" signature="afterMethod(org.testng.ITestContext, org.testng.ITestResult)[pri:0, instance:com.qmetry.qaf.automation.step.client.Scenario@3e8]" test-instance-name="SampleTest" name="afterMethod" is-config="true" duration-ms="2" started-at="2018-09-06T13:52:53Z" finished-at="2018-09-06T13:52:53Z">
          <params>
            <param index="0">
              <value>
                <![CDATA[org.testng.TestRunner@3c87521]]>
              </value>
            </param>
            <param index="1">
              <value>
                <![CDATA[[TestResult name=SampleTest status=SUCCESS method=scenarios.suite1.bdd.SampleTest()[pri:1000, instance:com.qmetry.qaf.automation.step.client.Scenario@3e8] output=<div style="display:block;margin-left:10px;"><div  class="teststeppass"><span class="teststeppass-label">T </span>Given get '/'</div><div  class="teststeppass"><span class="teststeppass-label">T </span>When sendKeys 'Git reporsitory QAF' into 'txt.searchbox'</div><div  class="teststeppass"><span class="teststeppass-label">T </span>And click on 'btn.search'</div><div  class="teststeppass"><span class="teststeppass-label">T </span>Then verify link with partial text 'GitHub' is present</div><div style="display:block;margin-left:10px;"><div  class="pass"><span class="pass-label">P </span>Expected By.partialLinkText: GitHub present : Actual By.partialLinkText: GitHub present <a href="../img/SampleTest_115jacoyx095g55097.png" target="_blank">[View Screenshot]</a> </div></div></div>]]]>
              </value>
            </param>
          </params>
          <reporter-output>
          </reporter-output>
        </test-method> <!-- afterMethod -->
        <test-method status="PASS" signature="afterClass(org.testng.ITestContext)[pri:0, instance:com.qmetry.qaf.automation.step.client.Scenario@3e8]" test-instance-name="SampleTest" name="afterClass" is-config="true" duration-ms="0" started-at="2018-09-06T13:52:53Z" finished-at="2018-09-06T13:52:53Z">
          <params>
            <param index="0">
              <value>
                <![CDATA[org.testng.TestRunner@3c87521]]>
              </value>
            </param>
          </params>
          <reporter-output>
          </reporter-output>
        </test-method> <!-- afterClass -->
        <test-method status="PASS" signature="afterTest(org.testng.ITestContext)[pri:0, instance:com.qmetry.qaf.automation.step.client.Scenario@3e8]" test-instance-name="SampleTest" name="afterTest" is-config="true" duration-ms="85" started-at="2018-09-06T13:52:53Z" finished-at="2018-09-06T13:52:53Z">
          <params>
            <param index="0">
              <value>
                <![CDATA[org.testng.TestRunner@3c87521]]>
              </value>
            </param>
          </params>
          <reporter-output>
          </reporter-output>
        </test-method> <!-- afterTest -->
      </class> <!-- com.qmetry.qaf.automation.step.client.Scenario -->
    </test> <!-- BDD Test -->
    <test name="JAVA Test" duration-ms="7487" started-at="2018-09-06T08:22:53Z" finished-at="2018-09-06T08:23:01Z">
      <class name="qaf.example.tests.Suite1">
        <test-method status="PASS" signature="setupSuit(org.testng.ITestContext)[pri:0, instance:qaf.example.tests.Suite1@7364985f]" name="setupSuit" is-config="true" duration-ms="26" started-at="2018-09-06T13:52:46Z" finished-at="2018-09-06T13:52:46Z">
          <params>
            <param index="0">
              <value>
                <![CDATA[org.testng.TestRunner@12d3a4e9]]>
              </value>
            </param>
          </params>
          <reporter-output>
          </reporter-output>
        </test-method> <!-- setupSuit -->
        <test-method status="PASS" signature="setupTest(org.testng.ITestContext)[pri:0, instance:qaf.example.tests.Suite1@7364985f]" name="setupTest" is-config="true" duration-ms="1" started-at="2018-09-06T13:52:53Z" finished-at="2018-09-06T13:52:53Z">
          <params>
            <param index="0">
              <value>
                <![CDATA[org.testng.TestRunner@12d3a4e9]]>
              </value>
            </param>
          </params>
          <reporter-output>
          </reporter-output>
        </test-method> <!-- setupTest -->
        <test-method status="PASS" signature="setup(org.testng.ITestContext)[pri:0, instance:qaf.example.tests.Suite1@7364985f]" name="setup" is-config="true" duration-ms="1" started-at="2018-09-06T13:52:53Z" finished-at="2018-09-06T13:52:53Z">
          <params>
            <param index="0">
              <value>
                <![CDATA[org.testng.TestRunner@12d3a4e9]]>
              </value>
            </param>
          </params>
          <reporter-output>
          </reporter-output>
        </test-method> <!-- setup -->
        <test-method status="PASS" signature="setupMethod(java.lang.reflect.Method, org.testng.ITestContext)[pri:0, instance:qaf.example.tests.Suite1@7364985f]" name="setupMethod" is-config="true" duration-ms="1" started-at="2018-09-06T13:52:53Z" finished-at="2018-09-06T13:52:53Z">
          <params>
            <param index="0">
              <value>
                <![CDATA[public void qaf.example.tests.Suite1.testGoogleSearch()]]>
              </value>
            </param>
            <param index="1">
              <value>
                <![CDATA[org.testng.TestRunner@12d3a4e9]]>
              </value>
            </param>
          </params>
          <reporter-output>
          </reporter-output>
        </test-method> <!-- setupMethod -->
        <test-method status="PASS" signature="testGoogleSearch()[pri:0, instance:qaf.example.tests.Suite1@7364985f]" name="testGoogleSearch" duration-ms="5668" started-at="2018-09-06T13:52:53Z" description="Sample Test Scenario" finished-at="2018-09-06T13:52:59Z">
          <reporter-output>
            <line>
              <![CDATA[<div style="display:block;margin-left:10px;"><div  class="teststeppass"><span class="teststeppass-label">T </span>get '/'</div><div  class="teststeppass"><span class="teststeppass-label">T </span>sendKeys 'Git repository QAF' into 'txt.searchbox'</div><div  class="teststeppass"><span class="teststeppass-label">T </span>click on 'btn.search'</div><div  class="teststeppass"><span class="teststeppass-label">T </span>verify link with partial text 'qmetry/qaf' is present</div><div style="display:block;margin-left:10px;"><div  class="pass"><span class="pass-label">P </span>Expected By.partialLinkText: qmetry/qaf present : Actual By.partialLinkText: qmetry/qaf present <a href="../img/TestGoogleSearch_1ohyeb6yt2kxq55098.png" target="_blank">[View Screenshot]</a> </div></div></div>]]>
            </line>
          </reporter-output>
        </test-method> <!-- testGoogleSearch -->
        <test-method status="PASS" signature="afterMethod(org.testng.ITestContext, org.testng.ITestResult)[pri:0, instance:qaf.example.tests.Suite1@7364985f]" name="afterMethod" is-config="true" duration-ms="0" started-at="2018-09-06T13:52:59Z" finished-at="2018-09-06T13:52:59Z">
          <params>
            <param index="0">
              <value>
                <![CDATA[org.testng.TestRunner@12d3a4e9]]>
              </value>
            </param>
            <param index="1">
              <value>
                <![CDATA[[TestResult name=testGoogleSearch status=SUCCESS method=Suite1.testGoogleSearch()[pri:0, instance:qaf.example.tests.Suite1@7364985f] output=<div style="display:block;margin-left:10px;"><div  class="teststeppass"><span class="teststeppass-label">T </span>get '/'</div><div  class="teststeppass"><span class="teststeppass-label">T </span>sendKeys 'Git repository QAF' into 'txt.searchbox'</div><div  class="teststeppass"><span class="teststeppass-label">T </span>click on 'btn.search'</div><div  class="teststeppass"><span class="teststeppass-label">T </span>verify link with partial text 'qmetry/qaf' is present</div><div style="display:block;margin-left:10px;"><div  class="pass"><span class="pass-label">P </span>Expected By.partialLinkText: qmetry/qaf present : Actual By.partialLinkText: qmetry/qaf present <a href="../img/TestGoogleSearch_1ohyeb6yt2kxq55098.png" target="_blank">[View Screenshot]</a> </div></div></div>]]]>
              </value>
            </param>
          </params>
          <reporter-output>
          </reporter-output>
        </test-method> <!-- afterMethod -->
        <test-method status="PASS" signature="afterClass(org.testng.ITestContext)[pri:0, instance:qaf.example.tests.Suite1@7364985f]" name="afterClass" is-config="true" duration-ms="0" started-at="2018-09-06T13:52:59Z" finished-at="2018-09-06T13:52:59Z">
          <params>
            <param index="0">
              <value>
                <![CDATA[org.testng.TestRunner@12d3a4e9]]>
              </value>
            </param>
          </params>
          <reporter-output>
          </reporter-output>
        </test-method> <!-- afterClass -->
        <test-method status="PASS" signature="afterTest(org.testng.ITestContext)[pri:0, instance:qaf.example.tests.Suite1@7364985f]" name="afterTest" is-config="true" duration-ms="43" started-at="2018-09-06T13:53:01Z" finished-at="2018-09-06T13:53:01Z">
          <params>
            <param index="0">
              <value>
                <![CDATA[org.testng.TestRunner@12d3a4e9]]>
              </value>
            </param>
          </params>
          <reporter-output>
          </reporter-output>
        </test-method> <!-- afterTest -->
        <test-method status="PASS" signature="afterSuit(org.testng.ITestContext)[pri:0, instance:qaf.example.tests.Suite1@7364985f]" name="afterSuit" is-config="true" duration-ms="2" started-at="2018-09-06T13:53:01Z" finished-at="2018-09-06T13:53:01Z">
          <params>
            <param index="0">
              <value>
                <![CDATA[org.testng.TestRunner@12d3a4e9]]>
              </value>
            </param>
          </params>
          <reporter-output>
          </reporter-output>
        </test-method> <!-- afterSuit -->
      </class> <!-- qaf.example.tests.Suite1 -->
      <class name="qaf.example.tests.Suite2">
        <test-method status="PASS" signature="setup(org.testng.ITestContext)[pri:0, instance:qaf.example.tests.Suite2@5d20e46]" name="setup" is-config="true" duration-ms="1" started-at="2018-09-06T13:52:59Z" finished-at="2018-09-06T13:52:59Z">
          <params>
            <param index="0">
              <value>
                <![CDATA[org.testng.TestRunner@12d3a4e9]]>
              </value>
            </param>
          </params>
          <reporter-output>
          </reporter-output>
        </test-method> <!-- setup -->
        <test-method status="PASS" signature="setupMethod(java.lang.reflect.Method, org.testng.ITestContext)[pri:0, instance:qaf.example.tests.Suite2@5d20e46]" name="setupMethod" is-config="true" duration-ms="1" started-at="2018-09-06T13:52:59Z" finished-at="2018-09-06T13:52:59Z">
          <params>
            <param index="0">
              <value>
                <![CDATA[public void qaf.example.tests.Suite2.testGoogleSearch()]]>
              </value>
            </param>
            <param index="1">
              <value>
                <![CDATA[org.testng.TestRunner@12d3a4e9]]>
              </value>
            </param>
          </params>
          <reporter-output>
          </reporter-output>
        </test-method> <!-- setupMethod -->
        <test-method status="PASS" signature="testGoogleSearch()[pri:0, instance:qaf.example.tests.Suite2@5d20e46]" name="testGoogleSearch" duration-ms="1741" started-at="2018-09-06T13:52:59Z" description="test Google Search" finished-at="2018-09-06T13:53:01Z">
          <reporter-output>
            <line>
              <![CDATA[<div style="display:block;margin-left:10px;"><div  class="teststeppass"><span class="teststeppass-label">T </span>get '/'</div><div  class="teststeppass"><span class="teststeppass-label">T </span>sendKeys 'Git Repository QAF' into 'txt.searchbox'</div><div  class="teststeppass"><span class="teststeppass-label">T </span>click on 'btn.search'</div><div  class="teststeppass"><span class="teststeppass-label">T </span>verify link with partial text 'qaf' is present</div><div style="display:block;margin-left:10px;"><div  class="pass"><span class="pass-label">P </span>Expected By.partialLinkText: qaf present : Actual By.partialLinkText: qaf present <a href="../img/TestGoogleSearch_7gm3vtkvrb8g55099.png" target="_blank">[View Screenshot]</a> </div></div></div>]]>
            </line>
          </reporter-output>
        </test-method> <!-- testGoogleSearch -->
        <test-method status="PASS" signature="afterMethod(org.testng.ITestContext, org.testng.ITestResult)[pri:0, instance:qaf.example.tests.Suite2@5d20e46]" name="afterMethod" is-config="true" duration-ms="1" started-at="2018-09-06T13:53:01Z" finished-at="2018-09-06T13:53:01Z">
          <params>
            <param index="0">
              <value>
                <![CDATA[org.testng.TestRunner@12d3a4e9]]>
              </value>
            </param>
            <param index="1">
              <value>
                <![CDATA[[TestResult name=testGoogleSearch status=SUCCESS method=Suite2.testGoogleSearch()[pri:0, instance:qaf.example.tests.Suite2@5d20e46] output=<div style="display:block;margin-left:10px;"><div  class="teststeppass"><span class="teststeppass-label">T </span>get '/'</div><div  class="teststeppass"><span class="teststeppass-label">T </span>sendKeys 'Git Repository QAF' into 'txt.searchbox'</div><div  class="teststeppass"><span class="teststeppass-label">T </span>click on 'btn.search'</div><div  class="teststeppass"><span class="teststeppass-label">T </span>verify link with partial text 'qaf' is present</div><div style="display:block;margin-left:10px;"><div  class="pass"><span class="pass-label">P </span>Expected By.partialLinkText: qaf present : Actual By.partialLinkText: qaf present <a href="../img/TestGoogleSearch_7gm3vtkvrb8g55099.png" target="_blank">[View Screenshot]</a> </div></div></div>]]]>
              </value>
            </param>
          </params>
          <reporter-output>
          </reporter-output>
        </test-method> <!-- afterMethod -->
        <test-method status="PASS" signature="afterClass(org.testng.ITestContext)[pri:0, instance:qaf.example.tests.Suite2@5d20e46]" name="afterClass" is-config="true" duration-ms="0" started-at="2018-09-06T13:53:01Z" finished-at="2018-09-06T13:53:01Z">
          <params>
            <param index="0">
              <value>
                <![CDATA[org.testng.TestRunner@12d3a4e9]]>
              </value>
            </param>
          </params>
          <reporter-output>
          </reporter-output>
        </test-method> <!-- afterClass -->
      </class> <!-- qaf.example.tests.Suite2 -->
    </test> <!-- JAVA Test -->
  </suite> <!-- QAF Example -->
</testng-results>
