<?xml version="1.0" encoding="UTF-8"?>
<!-- Generated by org.testng.reporters.JUnitXMLReporter -->
<testsuite hostname="ICPL10361" ignored="4" name="JAVA Test" tests="2" failures="0" timestamp="06 Sep 2018 08:23:01 GMT" time="7.487" errors="0">
  <testcase name="testGoogleSearch" time="5.668" classname="qaf.example.tests.Suite1"/>
  <testcase name="testGoogleSearch" time="1.741" classname="qaf.example.tests.Suite2"/>
  <testcase name="@BeforeTest setupTest" time="0.0" classname="com.qmetry.qaf.automation.testng.TestNGTestCase">
    <ignored/>
  </testcase> <!-- @BeforeTest setupTest -->
  <testcase name="@BeforeSuite setupSuit" time="0.0" classname="com.qmetry.qaf.automation.testng.TestNGTestCase">
    <ignored/>
  </testcase> <!-- @BeforeSuite setupSuit -->
  <testcase name="@AfterSuite afterSuit" time="0.0" classname="com.qmetry.qaf.automation.testng.TestNGTestCase">
    <ignored/>
  </testcase> <!-- @AfterSuite afterSuit -->
  <testcase name="@AfterTest afterTest" time="0.0" classname="com.qmetry.qaf.automation.ui.AbstractTestCase">
    <ignored/>
  </testcase> <!-- @AfterTest afterTest -->
</testsuite> <!-- JAVA Test -->
