<?xml version="1.0" encoding="UTF-8"?>
<!-- Generated by org.testng.reporters.JUnitXMLReporter -->
<testsuite hostname="ICPL10361" ignored="0" name="Default test" tests="18" failures="0" timestamp="07 Sep 2018 11:41:47 GMT" time="0.532" errors="0">
  <testcase name="readXml" time="0.006" classname="qaf.example.tests.SampleTest"/>
  <testcase name="readXml" time="0.015" classname="qaf.example.tests.SampleTest"/>
  <testcase name="readXml" time="0.0" classname="qaf.example.tests.SampleTest"/>
  <testcase name="readXml" time="0.0" classname="qaf.example.tests.SampleTest"/>
  <testcase name="readXml" time="0.0" classname="qaf.example.tests.SampleTest"/>
  <testcase name="readXml" time="0.0" classname="qaf.example.tests.SampleTest"/>
  <testcase name="readXml" time="0.016" classname="qaf.example.tests.SampleTest"/>
  <testcase name="readXml" time="0.0" classname="qaf.example.tests.SampleTest"/>
  <testcase name="readXml" time="0.0" classname="qaf.example.tests.SampleTest"/>
  <testcase name="readXml" time="0.0" classname="qaf.example.tests.SampleTest"/>
  <testcase name="readXml" time="0.0" classname="qaf.example.tests.SampleTest"/>
  <testcase name="readXml" time="0.0" classname="qaf.example.tests.SampleTest"/>
  <testcase name="readXml" time="0.0" classname="qaf.example.tests.SampleTest"/>
  <testcase name="readXml" time="0.0" classname="qaf.example.tests.SampleTest"/>
  <testcase name="readXml" time="0.0" classname="qaf.example.tests.SampleTest"/>
  <testcase name="readXml" time="0.0" classname="qaf.example.tests.SampleTest"/>
  <testcase name="readXml" time="0.0" classname="qaf.example.tests.SampleTest"/>
  <testcase name="readXml" time="0.0" classname="qaf.example.tests.SampleTest"/>
</testsuite> <!-- Default test -->
