<?xml version="1.0" encoding="UTF-8"?>
<testng-results skipped="1" failed="0" ignored="0" total="1" passed="0">
  <reporter-output>
    <line>
      <![CDATA[<div style="display:block;margin-left:10px;"><div  class="warn"><span class="warn-label">W </span>Given I open the nest application :: Not Found.</div><div  class="teststep"><span class="teststep-label">T </span>When I login with 'abc1234' and password 'Test1234'</div><div  class="teststep"><span class="teststep-label">T </span>Then It should be on homepage</div></div>]]>
    </line>
  </reporter-output>
  <suite name="QAF Example" duration-ms="272" started-at="2018-09-06T11:05:50Z" finished-at="2018-09-06T11:05:50Z">
    <groups>
      <group name="SMOKE">
        <method signature="scenarios.nest-suite.bdd.nestTestPractice()[pri:1000, instance:com.qmetry.qaf.automation.step.client.Scenario@3e8]" name="nestTestPractice" class="com.qmetry.qaf.automation.step.client.Scenario"/>
      </group> <!-- SMOKE -->
    </groups>
    <test name="BDD Test" duration-ms="239" started-at="2018-09-06T11:05:50Z" finished-at="2018-09-06T11:05:50Z">
      <class name="com.qmetry.qaf.automation.step.client.Scenario">
        <test-method status="PASS" signature="setupTest(org.testng.ITestContext)[pri:0, instance:com.qmetry.qaf.automation.step.client.Scenario@3e8]" test-instance-name="nestTestPractice" name="setupTest" is-config="true" duration-ms="3" started-at="2018-09-06T16:35:50Z" finished-at="2018-09-06T16:35:50Z">
          <params>
            <param index="0">
              <value>
                <![CDATA[org.testng.TestRunner@3b2da18f]]>
              </value>
            </param>
          </params>
          <reporter-output>
          </reporter-output>
        </test-method> <!-- setupTest -->
        <test-method status="PASS" signature="setup(org.testng.ITestContext)[pri:0, instance:com.qmetry.qaf.automation.step.client.Scenario@3e8]" test-instance-name="nestTestPractice" name="setup" is-config="true" duration-ms="2" started-at="2018-09-06T16:35:50Z" finished-at="2018-09-06T16:35:50Z">
          <params>
            <param index="0">
              <value>
                <![CDATA[org.testng.TestRunner@3b2da18f]]>
              </value>
            </param>
          </params>
          <reporter-output>
          </reporter-output>
        </test-method> <!-- setup -->
        <test-method status="PASS" signature="setupMethod(java.lang.reflect.Method, org.testng.ITestContext)[pri:0, instance:com.qmetry.qaf.automation.step.client.Scenario@3e8]" test-instance-name="nestTestPractice" name="setupMethod" is-config="true" duration-ms="1" started-at="2018-09-06T16:35:50Z" finished-at="2018-09-06T16:35:50Z">
          <params>
            <param index="0">
              <value>
                <![CDATA[public void com.qmetry.qaf.automation.step.client.Scenario.scenario()]]>
              </value>
            </param>
            <param index="1">
              <value>
                <![CDATA[org.testng.TestRunner@3b2da18f]]>
              </value>
            </param>
          </params>
          <reporter-output>
          </reporter-output>
        </test-method> <!-- setupMethod -->
        <test-method status="SKIP" signature="nestTestPractice()[pri:1000, instance:com.qmetry.qaf.automation.step.client.Scenario@3e8]" test-instance-name="nestTestPractice" name="nestTestPractice" duration-ms="193" started-at="2018-09-06T16:35:50Z" description="nest Login Test" finished-at="2018-09-06T16:35:50Z">
          <exception class="com.qmetry.qaf.automation.step.StepNotFoundException">
            <message>
              <![CDATA[Given I open the nest application@scenarios/nest-suite.bdd#3 TestStep implementation not found. 
 Please provide implementation or ensure 'step.provider.pkg' property value includes appropriate package.]]>
            </message>
            <full-stacktrace>
              <![CDATA[com.qmetry.qaf.automation.step.StepNotFoundException: Given I open the nest application@scenarios/nest-suite.bdd#3 TestStep implementation not found. 
 Please provide implementation or ensure 'step.provider.pkg' property value includes appropriate package.
	at .Given I open the nest application(scenarios/nest-suite.bdd:3)
]]>
            </full-stacktrace>
          </exception> <!-- com.qmetry.qaf.automation.step.StepNotFoundException -->
          <reporter-output>
            <line>
              <![CDATA[<div style="display:block;margin-left:10px;"><div  class="warn"><span class="warn-label">W </span>Given I open the nest application :: Not Found.</div><div  class="teststep"><span class="teststep-label">T </span>When I login with 'abc1234' and password 'Test1234'</div><div  class="teststep"><span class="teststep-label">T </span>Then It should be on homepage</div></div>]]>
            </line>
          </reporter-output>
        </test-method> <!-- nestTestPractice -->
        <test-method status="PASS" signature="afterMethod(org.testng.ITestContext, org.testng.ITestResult)[pri:0, instance:com.qmetry.qaf.automation.step.client.Scenario@3e8]" test-instance-name="nestTestPractice" name="afterMethod" is-config="true" duration-ms="1" started-at="2018-09-06T16:35:50Z" finished-at="2018-09-06T16:35:50Z">
          <params>
            <param index="0">
              <value>
                <![CDATA[org.testng.TestRunner@3b2da18f]]>
              </value>
            </param>
            <param index="1">
              <value>
                <![CDATA[[TestResult name=nestTestPractice status=SKIP method=scenarios.nest-suite.bdd.nestTestPractice()[pri:1000, instance:com.qmetry.qaf.automation.step.client.Scenario@3e8] output=<div style="display:block;margin-left:10px;"><div  class="warn"><span class="warn-label">W </span>Given I open the nest application :: Not Found.</div><div  class="teststep"><span class="teststep-label">T </span>When I login with 'abc1234' and password 'Test1234'</div><div  class="teststep"><span class="teststep-label">T </span>Then It should be on homepage</div></div>]]]>
              </value>
            </param>
          </params>
          <reporter-output>
          </reporter-output>
        </test-method> <!-- afterMethod -->
        <test-method status="PASS" signature="afterClass(org.testng.ITestContext)[pri:0, instance:com.qmetry.qaf.automation.step.client.Scenario@3e8]" test-instance-name="nestTestPractice" name="afterClass" is-config="true" duration-ms="0" started-at="2018-09-06T16:35:50Z" finished-at="2018-09-06T16:35:50Z">
          <params>
            <param index="0">
              <value>
                <![CDATA[org.testng.TestRunner@3b2da18f]]>
              </value>
            </param>
          </params>
          <reporter-output>
          </reporter-output>
        </test-method> <!-- afterClass -->
        <test-method status="PASS" signature="afterTest(org.testng.ITestContext)[pri:0, instance:com.qmetry.qaf.automation.step.client.Scenario@3e8]" test-instance-name="nestTestPractice" name="afterTest" is-config="true" duration-ms="2" started-at="2018-09-06T16:35:50Z" finished-at="2018-09-06T16:35:50Z">
          <params>
            <param index="0">
              <value>
                <![CDATA[org.testng.TestRunner@3b2da18f]]>
              </value>
            </param>
          </params>
          <reporter-output>
          </reporter-output>
        </test-method> <!-- afterTest -->
      </class> <!-- com.qmetry.qaf.automation.step.client.Scenario -->
    </test> <!-- BDD Test -->
    <test name="JAVA Test" duration-ms="0" started-at="2018-09-06T11:05:50Z" finished-at="2018-09-06T11:05:50Z">
      <class name="com.qmetry.qaf.automation.step.client.Scenario">
        <test-method status="PASS" signature="setupSuit(org.testng.ITestContext)[pri:0, instance:com.qmetry.qaf.automation.step.client.Scenario@3e8]" test-instance-name="nestTestPractice" name="setupSuit" is-config="true" duration-ms="23" started-at="2018-09-06T16:35:50Z" finished-at="2018-09-06T16:35:50Z">
          <params>
            <param index="0">
              <value>
                <![CDATA[org.testng.TestRunner@48524010]]>
              </value>
            </param>
          </params>
          <reporter-output>
          </reporter-output>
        </test-method> <!-- setupSuit -->
        <test-method status="PASS" signature="afterSuit(org.testng.ITestContext)[pri:0, instance:com.qmetry.qaf.automation.step.client.Scenario@3e8]" test-instance-name="nestTestPractice" name="afterSuit" is-config="true" duration-ms="2" started-at="2018-09-06T16:35:50Z" finished-at="2018-09-06T16:35:50Z">
          <params>
            <param index="0">
              <value>
                <![CDATA[org.testng.TestRunner@48524010]]>
              </value>
            </param>
          </params>
          <reporter-output>
          </reporter-output>
        </test-method> <!-- afterSuit -->
      </class> <!-- com.qmetry.qaf.automation.step.client.Scenario -->
    </test> <!-- JAVA Test -->
  </suite> <!-- QAF Example -->
</testng-results>
